Using pre-set license
Built from '2020.3/staging' branch; Version is '2020.3.19f1 (68f137dc9bbe) revision 6877495'; Using compiler version '192528614'; Build Type 'Release'
OS: 'Windows 10 Pro; OS build 19041.1348; Version 2004; 64bit' Language: 'en' Physical Memory: 6090 MB
BatchMode: 1, IsHumanControllingUs: 0, StartBugReporterOnCrash: 0, Is64bit: 1, IsPro: 0

COMMAND LINE ARGUMENTS:
C:\Program Files\Unity\Hub\Editor\2020.3.19f1\Editor\Unity.exe
-adb2
-batchMode
-noUpm
-name
AssetImportWorker0
-projectPath
C:/Users/Calvin/Downloads/Bkavo Wolf Game/Bkavo Wolf Game
-logFile
Logs/AssetImportWorker0.log
-srvPort
50625
Successfully changed project path to: C:/Users/Calvin/Downloads/Bkavo Wolf Game/Bkavo Wolf Game
C:/Users/Calvin/Downloads/Bkavo Wolf Game/Bkavo Wolf Game
Using Asset Import Pipeline V2.
Refreshing native plugins compatible for Editor in 246.62 ms, found 2 plugins.
Preloading 0 native plugins for Editor in 0.00 ms.
Initialize engine version: 2020.3.19f1 (68f137dc9bbe)
[Subsystems] Discovering subsystems at path C:/Program Files/Unity/Hub/Editor/2020.3.19f1/Editor/Data/Resources/UnitySubsystems
[Subsystems] Discovering subsystems at path C:/Users/Calvin/Downloads/Bkavo Wolf Game/Bkavo Wolf Game/Assets
GfxDevice: creating device client; threaded=0
Direct3D:
    Version:  Direct3D 11.0 [level 11.1]
    Renderer: AMD Radeon(TM) Vega 3 Graphics (ID=0x15d8)
    Vendor:   
    VRAM:     3045 MB
    Driver:   26.20.14048.2
Initialize mono
Mono path[0] = 'C:/Program Files/Unity/Hub/Editor/2020.3.19f1/Editor/Data/Managed'
Mono path[1] = 'C:/Program Files/Unity/Hub/Editor/2020.3.19f1/Editor/Data/MonoBleedingEdge/lib/mono/unityjit'
Mono config path = 'C:/Program Files/Unity/Hub/Editor/2020.3.19f1/Editor/Data/MonoBleedingEdge/etc'
Using monoOptions --debugger-agent=transport=dt_socket,embedding=1,server=y,suspend=n,address=127.0.0.1:56676
Begin MonoManager ReloadAssembly
Registering precompiled unity dll's ...
Register platform support module: C:/Program Files/Unity/Hub/Editor/2020.3.19f1/Editor/Data/PlaybackEngines/WebGLSupport/UnityEditor.WebGL.Extensions.dll
Register platform support module: C:/Program Files/Unity/Hub/Editor/2020.3.19f1/Editor/Data/PlaybackEngines/WindowsStandaloneSupport/UnityEditor.WindowsStandalone.Extensions.dll
Registered in 0.003235 seconds.
Native extension for WindowsStandalone target not found
Native extension for WebGL target not found
Refreshing native plugins compatible for Editor in 137.61 ms, found 2 plugins.
Preloading 0 native plugins for Editor in 0.00 ms.
Mono: successfully reloaded assembly
- Completed reload, in  4.125 seconds
Domain Reload Profiling:
	ReloadAssembly (4126ms)
		BeginReloadAssembly (221ms)
			ExecutionOrderSort (0ms)
			DisableScriptedObjects (0ms)
			BackupInstance (0ms)
			ReleaseScriptingObjects (0ms)
			CreateAndSetChildDomain (2ms)
		EndReloadAssembly (1565ms)
			LoadAssemblies (218ms)
			RebuildTransferFunctionScriptingTraits (0ms)
			SetupTypeCache (396ms)
			ReleaseScriptCaches (0ms)
			RebuildScriptCaches (289ms)
			SetupLoadedEditorAssemblies (692ms)
				LogAssemblyErrors (0ms)
				InitializePlatformSupportModulesInManaged (19ms)
				SetLoadedEditorAssemblies (1ms)
				RefreshPlugins (138ms)
				BeforeProcessingInitializeOnLoad (31ms)
				ProcessInitializeOnLoadAttributes (389ms)
				ProcessInitializeOnLoadMethodAttributes (111ms)
				AfterProcessingInitializeOnLoad (0ms)
				EditorAssembliesLoaded (3ms)
			ExecutionOrderSort2 (0ms)
			AwakeInstancesAfterBackupRestoration (0ms)
Platform modules already initialized, skipping
Registering precompiled user dll's ...
Registered in 0.007708 seconds.
Begin MonoManager ReloadAssembly
Native extension for WindowsStandalone target not found
Native extension for WebGL target not found
Refreshing native plugins compatible for Editor in 1.09 ms, found 2 plugins.
Preloading 0 native plugins for Editor in 0.00 ms.
Mono: successfully reloaded assembly
- Completed reload, in  3.218 seconds
Domain Reload Profiling:
	ReloadAssembly (3221ms)
		BeginReloadAssembly (376ms)
			ExecutionOrderSort (0ms)
			DisableScriptedObjects (17ms)
			BackupInstance (0ms)
			ReleaseScriptingObjects (0ms)
			CreateAndSetChildDomain (45ms)
		EndReloadAssembly (2644ms)
			LoadAssemblies (284ms)
			RebuildTransferFunctionScriptingTraits (0ms)
			SetupTypeCache (1048ms)
			ReleaseScriptCaches (3ms)
			RebuildScriptCaches (149ms)
			SetupLoadedEditorAssemblies (822ms)
				LogAssemblyErrors (0ms)
				InitializePlatformSupportModulesInManaged (16ms)
				SetLoadedEditorAssemblies (2ms)
				RefreshPlugins (1ms)
				BeforeProcessingInitializeOnLoad (144ms)
				ProcessInitializeOnLoadAttributes (639ms)
				ProcessInitializeOnLoadMethodAttributes (10ms)
				AfterProcessingInitializeOnLoad (9ms)
				EditorAssembliesLoaded (1ms)
			ExecutionOrderSort2 (0ms)
			AwakeInstancesAfterBackupRestoration (22ms)
Platform modules already initialized, skipping
========================================================================
Worker process is ready to serve import requests
Launched and connected shader compiler UnityShaderCompiler.exe after 0.34 seconds
Refreshing native plugins compatible for Editor in 2.25 ms, found 2 plugins.
Preloading 0 native plugins for Editor in 0.00 ms.
Unloading 1404 Unused Serialized files (Serialized files now loaded: 0)
System memory in use before: 66.1 MB.
System memory in use after: 66.2 MB.

Unloading 16 unused Assets to reduce memory usage. Loaded Objects now: 1840.
Total: 13.780700 ms (FindLiveObjects: 0.742800 ms CreateObjectMapping: 0.103600 ms MarkObjects: 12.774800 ms  DeleteObjects: 0.154900 ms)

AssetImportParameters requested are different than current active one (requested -> active):
  custom:framework-win-MediaFoundation: 216162199b28c13a410421893ffa2e32 -> 
  custom:video-decoder-ogg-theora: a1e56fd34408186e4bbccfd4996cb3dc -> 
  custom:container-muxer-webm: aa71ff27fc2769a1b78a27578f13a17b -> 
  custom:container-demuxer-webm: 4f35f7cbe854078d1ac9338744f61a02 -> 
  custom:container-demuxer-ogg: 62fdf1f143b41e24485cea50d1cbac27 -> 
  custom:video-encoder-webm-vp8: eb34c28f22e8b96e1ab97ce403110664 -> 
  custom:video-decoder-webm-vp8: 9c59270c3fd7afecdb556c50c9e8de78 -> 
  custom:audio-decoder-ogg-vorbis: bf7c407c2cedff20999df2af8eb42d56 -> 
  custom:audio-encoder-webm-vorbis: bf7c407c2cedff20999df2af8eb42d56 -> 
========================================================================
Received Import Request.
  path: Packages/com.unity.test-framework/package.json
  artifactKey: Guid(d6a2e6e4803de7b43baacdc355fc144d) Importer(815301076,1909f56bfc062723c751e8b465ee728b)
Start importing Packages/com.unity.test-framework/package.json using Guid(d6a2e6e4803de7b43baacdc355fc144d) Importer(815301076,1909f56bfc062723c751e8b465ee728b)  -> (artifact id: '348d0090788821c173ed5a91192d97b9') in 0.167765 seconds 
  Import took 0.176765 seconds .

========================================================================
Received Import Request.
  Time since last request: 0.001175 seconds.
  path: Assets/Sprites/cow side.png
  artifactKey: Guid(1670b9a4b0b406943ae4e3f96950844a) Importer(815301076,1909f56bfc062723c751e8b465ee728b)
Start importing Assets/Sprites/cow side.png using Guid(1670b9a4b0b406943ae4e3f96950844a) Importer(815301076,1909f56bfc062723c751e8b465ee728b)  -> (artifact id: 'd829ae8ae7c698d84cd221ce4109dcf6') in 0.598595 seconds 
  Import took 0.603957 seconds .

========================================================================
Received Import Request.
  Time since last request: 0.000332 seconds.
  path: Packages/com.unity.textmeshpro/package.json
  artifactKey: Guid(220e9325710f4235a43492dd1ee4980d) Importer(815301076,1909f56bfc062723c751e8b465ee728b)
Start importing Packages/com.unity.textmeshpro/package.json using Guid(220e9325710f4235a43492dd1ee4980d) Importer(815301076,1909f56bfc062723c751e8b465ee728b)  -> (artifact id: '2c6d4de5db3a39bcb3575c98dc9df750') in 0.009398 seconds 
  Import took 0.014839 seconds .

========================================================================
Received Import Request.
  Time since last request: 0.000314 seconds.
  path: Packages/com.unity.ext.nunit/package.json
  artifactKey: Guid(8143d3a8390f2c64685e3bc272bd9e90) Importer(815301076,1909f56bfc062723c751e8b465ee728b)
Start importing Packages/com.unity.ext.nunit/package.json using Guid(8143d3a8390f2c64685e3bc272bd9e90) Importer(815301076,1909f56bfc062723c751e8b465ee728b)  -> (artifact id: '36f449bd9ed4a92e06d659da724da745') in 0.005858 seconds 
  Import took 0.012477 seconds .

========================================================================
Received Import Request.
  Time since last request: 0.000380 seconds.
  path: Assets/Sprites/Green-Cap-Character-16x18.png
  artifactKey: Guid(8b9dc8bdc814a04489e0add2ad979290) Importer(815301076,1909f56bfc062723c751e8b465ee728b)
Start importing Assets/Sprites/Green-Cap-Character-16x18.png using Guid(8b9dc8bdc814a04489e0add2ad979290) Importer(815301076,1909f56bfc062723c751e8b465ee728b)  -> (artifact id: '499c70d5bcd66aa8f1e53d195dba507f') in 0.492178 seconds 
  Import took 0.498362 seconds .

========================================================================
Received Import Request.
  Time since last request: 0.000335 seconds.
  path: Assets/Sprites/wolf_jump.png
  artifactKey: Guid(8210e3cd42507694fa59f94711572953) Importer(815301076,1909f56bfc062723c751e8b465ee728b)
Start importing Assets/Sprites/wolf_jump.png using Guid(8210e3cd42507694fa59f94711572953) Importer(815301076,1909f56bfc062723c751e8b465ee728b)  -> (artifact id: '0c1fbeb1ec4c16df18053827bbfa2973') in 0.099301 seconds 
  Import took 0.106359 seconds .

========================================================================
Received Import Request.
  Time since last request: 0.000728 seconds.
  path: Assets/Sprites/wolf_run.png
  artifactKey: Guid(99c69fd15d2a8b545993687d840e6fff) Importer(815301076,1909f56bfc062723c751e8b465ee728b)
Start importing Assets/Sprites/wolf_run.png using Guid(99c69fd15d2a8b545993687d840e6fff) Importer(815301076,1909f56bfc062723c751e8b465ee728b)  -> (artifact id: 'a5e651fe29d86e7a63f036b66aa5a20c') in 0.283489 seconds 
  Import took 0.296584 seconds .

========================================================================
Received Import Request.
  Time since last request: 0.000692 seconds.
  path: Assets/Sprites/sheep side.png
  artifactKey: Guid(774b049081c2b374b837e4c4618ad398) Importer(815301076,1909f56bfc062723c751e8b465ee728b)
Start importing Assets/Sprites/sheep side.png using Guid(774b049081c2b374b837e4c4618ad398) Importer(815301076,1909f56bfc062723c751e8b465ee728b)  -> (artifact id: '7dadc71c73dd9c4e842a57444ca235fa') in 0.132679 seconds 
  Import took 0.139308 seconds .

========================================================================
Received Import Request.
  Time since last request: 0.000981 seconds.
  path: Packages/com.unity.ide.rider/package.json
  artifactKey: Guid(66c95bb3c74257f41bae2622511dc02d) Importer(815301076,1909f56bfc062723c751e8b465ee728b)
Start importing Packages/com.unity.ide.rider/package.json using Guid(66c95bb3c74257f41bae2622511dc02d) Importer(815301076,1909f56bfc062723c751e8b465ee728b)  -> (artifact id: 'ff96f7b61e94a0dc9b975679be81ead9') in 0.011873 seconds 
  Import took 0.020976 seconds .

========================================================================
Received Import Request.
  Time since last request: 0.000658 seconds.
  path: Assets/Sprites/dA Upload.png
  artifactKey: Guid(1489bce55b8c54f4682b1e6dc39b2970) Importer(815301076,1909f56bfc062723c751e8b465ee728b)
Start importing Assets/Sprites/dA Upload.png using Guid(1489bce55b8c54f4682b1e6dc39b2970) Importer(815301076,1909f56bfc062723c751e8b465ee728b)  -> (artifact id: '6def75dfbc128283e360fc9d7a662c83') in 22.735693 seconds 
  Import took 22.762052 seconds .

========================================================================
Received Import Request.
  Time since last request: 0.000712 seconds.
  path: Assets/Prefabs/Sheep.prefab
  artifactKey: Guid(f8c1e9d3aa58b5e44bbcaa29e4259d4f) Importer(815301076,1909f56bfc062723c751e8b465ee728b)
Start importing Assets/Prefabs/Sheep.prefab using Guid(f8c1e9d3aa58b5e44bbcaa29e4259d4f) Importer(815301076,1909f56bfc062723c751e8b465ee728b)  -> (artifact id: '792171b40a4e1fcf4df7d4ae5e9a8eac') in 0.218706 seconds 
  Import took 0.228825 seconds .

========================================================================
Received Import Request.
  Time since last request: 0.000561 seconds.
  path: Assets/Prefabs/Wolf.prefab
  artifactKey: Guid(fd3d7cba870153b4a9669984f4583416) Importer(815301076,1909f56bfc062723c751e8b465ee728b)
Start importing Assets/Prefabs/Wolf.prefab using Guid(fd3d7cba870153b4a9669984f4583416) Importer(815301076,1909f56bfc062723c751e8b465ee728b)  -> (artifact id: 'd2e328677535f5070017f4966817e13d') in 0.087613 seconds 
  Import took 0.099892 seconds .

========================================================================
Received Import Request.
  Time since last request: 0.000945 seconds.
  path: Assets/Sprites/Tilemaps/bg.prefab
  artifactKey: Guid(7f779232f6940bb4baea066776763864) Importer(815301076,1909f56bfc062723c751e8b465ee728b)
Start importing Assets/Sprites/Tilemaps/bg.prefab using Guid(7f779232f6940bb4baea066776763864) Importer(815301076,1909f56bfc062723c751e8b465ee728b)  -> (artifact id: '90f4a19688a4066ef1ea0b9186a15b25') in 1.002699 seconds 
  Import took 1.049479 seconds .

========================================================================
Received Import Request.
  Time since last request: 0.000602 seconds.
  path: Assets/Prefabs/Bullet.prefab
  artifactKey: Guid(88fdd8191bf554741995fa0f1c1b5134) Importer(815301076,1909f56bfc062723c751e8b465ee728b)
Start importing Assets/Prefabs/Bullet.prefab using Guid(88fdd8191bf554741995fa0f1c1b5134) Importer(815301076,1909f56bfc062723c751e8b465ee728b)  -> (artifact id: '3aaccaff462ed73f3bcac3656f485309') in 0.036011 seconds 
  Import took 0.044813 seconds .

========================================================================
Received Import Request.
  Time since last request: 0.000629 seconds.
  path: Assets/Prefabs/gun.prefab
  artifactKey: Guid(28bb8236191faae40a87cac0639a8c4d) Importer(815301076,1909f56bfc062723c751e8b465ee728b)
Start importing Assets/Prefabs/gun.prefab using Guid(28bb8236191faae40a87cac0639a8c4d) Importer(815301076,1909f56bfc062723c751e8b465ee728b)  -> (artifact id: 'bf620d68b0413098ee7412b65e3c6e72') in 0.038474 seconds 
  Import took 0.052308 seconds .

========================================================================
Received Import Request.
  Time since last request: 0.000837 seconds.
  path: Assets/Prefabs/Cow.prefab
  artifactKey: Guid(ad8062d6272cad64492e97eec7ef037f) Importer(815301076,1909f56bfc062723c751e8b465ee728b)
Start importing Assets/Prefabs/Cow.prefab using Guid(ad8062d6272cad64492e97eec7ef037f) Importer(815301076,1909f56bfc062723c751e8b465ee728b)  -> (artifact id: 'b03f0eea1d3c6833bbae8117c46e10ad') in 0.086756 seconds 
  Import took 0.100094 seconds .

AssetImportWorkerClient::OnTransportError - code=2 error=End of file
